/usr/bin/ld: CMakeFiles/pub_sub_pub_node.dir/src/pub.cpp.o: in function `main':
pub.cpp:(.text+0x95): undefined reference to `ros::init(int&, char**, std::__cxx11::basic_string<char, std::char_traits<char>, std::allocator<char> > const&, unsigned int)'
/usr/bin/ld: pub.cpp:(.text+0x127): undefined reference to `ros::NodeHandle::NodeHandle(std::__cxx11::basic_string<char, std::char_traits<char>, std::allocator<char> > const&, std::map<std::__cxx11::basic_string<char, std::char_traits<char>, std::allocator<char> >, std::__cxx11::basic_string<char, std::char_traits<char>, std::allocator<char> >, std::less<std::__cxx11::basic_string<char, std::char_traits<char>, std::allocator<char> > >, std::allocator<std::pair<std::__cxx11::basic_string<char, std::char_traits<char>, std::allocator<char> > const, std::__cxx11::basic_string<char, std::char_traits<char>, std::allocator<char> > > > > const&)'
/usr/bin/ld: pub.cpp:(.text+0x1d2): undefined reference to `ros::Rate::Rate(double)'
/usr/bin/ld: pub.cpp:(.text+0x1e1): undefined reference to `ros::ok()'
/usr/bin/ld: pub.cpp:(.text+0x27c): undefined reference to `ros::console::g_initialized'
/usr/bin/ld: pub.cpp:(.text+0x28c): undefined reference to `ros::console::initialize()'
/usr/bin/ld: pub.cpp:(.text+0x2e5): undefined reference to `ros::console::initializeLogLocation(ros::console::LogLocation*, std::__cxx11::basic_string<char, std::char_traits<char>, std::allocator<char> > const&, ros::console::levels::Level)'
/usr/bin/ld: pub.cpp:(.text+0x328): undefined reference to `ros::console::setLogLocationLevel(ros::console::LogLocation*, ros::console::levels::Level)'
/usr/bin/ld: pub.cpp:(.text+0x334): undefined reference to `ros::console::checkLogLocationEnabled(ros::console::LogLocation*)'
/usr/bin/ld: pub.cpp:(.text+0x39b): undefined reference to `ros::console::print(ros::console::FilterBase*, void*, ros::console::levels::Level, char const*, int, char const*, char const*, ...)'
/usr/bin/ld: pub.cpp:(.text+0x3bd): undefined reference to `ros::spinOnce()'
/usr/bin/ld: pub.cpp:(.text+0x3cc): undefined reference to `ros::Rate::sleep()'
/usr/bin/ld: pub.cpp:(.text+0x40a): undefined reference to `ros::Publisher::~Publisher()'
/usr/bin/ld: pub.cpp:(.text+0x419): undefined reference to `ros::NodeHandle::~NodeHandle()'
/usr/bin/ld: pub.cpp:(.text+0x542): undefined reference to `ros::Publisher::~Publisher()'
/usr/bin/ld: pub.cpp:(.text+0x551): undefined reference to `ros::NodeHandle::~NodeHandle()'
/usr/bin/ld: CMakeFiles/pub_sub_pub_node.dir/src/pub.cpp.o: in function `ros::Publisher ros::NodeHandle::advertise<std_msgs::String_<std::allocator<void> > >(std::__cxx11::basic_string<char, std::char_traits<char>, std::allocator<char> > const&, unsigned int, bool)':
pub.cpp:(.text._ZN3ros10NodeHandle9advertiseIN8std_msgs7String_ISaIvEEEEENS_9PublisherERKNSt7__cxx1112basic_stringIcSt11char_traitsIcESaIcEEEjb[_ZN3ros10NodeHandle9advertiseIN8std_msgs7String_ISaIvEEEEENS_9PublisherERKNSt7__cxx1112basic_stringIcSt11char_traitsIcESaIcEEEjb]+0x139): undefined reference to `ros::NodeHandle::advertise(ros::AdvertiseOptions&)'
/usr/bin/ld: CMakeFiles/pub_sub_pub_node.dir/src/pub.cpp.o: in function `void ros::Publisher::publish<std_msgs::String_<std::allocator<void> > >(std_msgs::String_<std::allocator<void> > const&) const':
pub.cpp:(.text._ZNK3ros9Publisher7publishIN8std_msgs7String_ISaIvEEEEEvRKT_[_ZNK3ros9Publisher7publishIN8std_msgs7String_ISaIvEEEEEvRKT_]+0x4b): undefined reference to `ros::console::g_initialized'
/usr/bin/ld: pub.cpp:(.text._ZNK3ros9Publisher7publishIN8std_msgs7String_ISaIvEEEEEvRKT_[_ZNK3ros9Publisher7publishIN8std_msgs7String_ISaIvEEEEEvRKT_]+0x5b): undefined reference to `ros::console::initialize()'
/usr/bin/ld: pub.cpp:(.text._ZNK3ros9Publisher7publishIN8std_msgs7String_ISaIvEEEEEvRKT_[_ZNK3ros9Publisher7publishIN8std_msgs7String_ISaIvEEEEEvRKT_]+0xae): undefined reference to `ros::console::initializeLogLocation(ros::console::LogLocation*, std::__cxx11::basic_string<char, std::char_traits<char>, std::allocator<char> > const&, ros::console::levels::Level)'
/usr/bin/ld: pub.cpp:(.text._ZNK3ros9Publisher7publishIN8std_msgs7String_ISaIvEEEEEvRKT_[_ZNK3ros9Publisher7publishIN8std_msgs7String_ISaIvEEEEEvRKT_]+0xee): undefined reference to `ros::console::setLogLocationLevel(ros::console::LogLocation*, ros::console::levels::Level)'
/usr/bin/ld: pub.cpp:(.text._ZNK3ros9Publisher7publishIN8std_msgs7String_ISaIvEEEEEvRKT_[_ZNK3ros9Publisher7publishIN8std_msgs7String_ISaIvEEEEEvRKT_]+0xfa): undefined reference to `ros::console::checkLogLocationEnabled(ros::console::LogLocation*)'
/usr/bin/ld: pub.cpp:(.text._ZNK3ros9Publisher7publishIN8std_msgs7String_ISaIvEEEEEvRKT_[_ZNK3ros9Publisher7publishIN8std_msgs7String_ISaIvEEEEEvRKT_]+0x160): undefined reference to `ros::console::print(ros::console::FilterBase*, void*, ros::console::levels::Level, char const*, int, char const*, char const*, ...)'
/usr/bin/ld: pub.cpp:(.text._ZNK3ros9Publisher7publishIN8std_msgs7String_ISaIvEEEEEvRKT_[_ZNK3ros9Publisher7publishIN8std_msgs7String_ISaIvEEEEEvRKT_]+0x16b): undefined reference to `ros::console::g_initialized'
/usr/bin/ld: pub.cpp:(.text._ZNK3ros9Publisher7publishIN8std_msgs7String_ISaIvEEEEEvRKT_[_ZNK3ros9Publisher7publishIN8std_msgs7String_ISaIvEEEEEvRKT_]+0x17b): undefined reference to `ros::console::initialize()'
/usr/bin/ld: pub.cpp:(.text._ZNK3ros9Publisher7publishIN8std_msgs7String_ISaIvEEEEEvRKT_[_ZNK3ros9Publisher7publishIN8std_msgs7String_ISaIvEEEEEvRKT_]+0x1ce): undefined reference to `ros::console::initializeLogLocation(ros::console::LogLocation*, std::__cxx11::basic_string<char, std::char_traits<char>, std::allocator<char> > const&, ros::console::levels::Level)'
/usr/bin/ld: pub.cpp:(.text._ZNK3ros9Publisher7publishIN8std_msgs7String_ISaIvEEEEEvRKT_[_ZNK3ros9Publisher7publishIN8std_msgs7String_ISaIvEEEEEvRKT_]+0x20e): undefined reference to `ros::console::setLogLocationLevel(ros::console::LogLocation*, ros::console::levels::Level)'
/usr/bin/ld: pub.cpp:(.text._ZNK3ros9Publisher7publishIN8std_msgs7String_ISaIvEEEEEvRKT_[_ZNK3ros9Publisher7publishIN8std_msgs7String_ISaIvEEEEEvRKT_]+0x21a): undefined reference to `ros::console::checkLogLocationEnabled(ros::console::LogLocation*)'
/usr/bin/ld: pub.cpp:(.text._ZNK3ros9Publisher7publishIN8std_msgs7String_ISaIvEEEEEvRKT_[_ZNK3ros9Publisher7publishIN8std_msgs7String_ISaIvEEEEEvRKT_]+0x272): undefined reference to `ros::console::print(ros::console::FilterBase*, void*, ros::console::levels::Level, char const*, int, char const*, char const*, ...)'
/usr/bin/ld: pub.cpp:(.text._ZNK3ros9Publisher7publishIN8std_msgs7String_ISaIvEEEEEvRKT_[_ZNK3ros9Publisher7publishIN8std_msgs7String_ISaIvEEEEEvRKT_]+0x27d): undefined reference to `ros::console::g_initialized'
/usr/bin/ld: pub.cpp:(.text._ZNK3ros9Publisher7publishIN8std_msgs7String_ISaIvEEEEEvRKT_[_ZNK3ros9Publisher7publishIN8std_msgs7String_ISaIvEEEEEvRKT_]+0x28d): undefined reference to `ros::console::initialize()'
/usr/bin/ld: pub.cpp:(.text._ZNK3ros9Publisher7publishIN8std_msgs7String_ISaIvEEEEEvRKT_[_ZNK3ros9Publisher7publishIN8std_msgs7String_ISaIvEEEEEvRKT_]+0x2e0): undefined reference to `ros::console::initializeLogLocation(ros::console::LogLocation*, std::__cxx11::basic_string<char, std::char_traits<char>, std::allocator<char> > const&, ros::console::levels::Level)'
/usr/bin/ld: pub.cpp:(.text._ZNK3ros9Publisher7publishIN8std_msgs7String_ISaIvEEEEEvRKT_[_ZNK3ros9Publisher7publishIN8std_msgs7String_ISaIvEEEEEvRKT_]+0x320): undefined reference to `ros::console::setLogLocationLevel(ros::console::LogLocation*, ros::console::levels::Level)'
/usr/bin/ld: pub.cpp:(.text._ZNK3ros9Publisher7publishIN8std_msgs7String_ISaIvEEEEEvRKT_[_ZNK3ros9Publisher7publishIN8std_msgs7String_ISaIvEEEEEvRKT_]+0x32c): undefined reference to `ros::console::checkLogLocationEnabled(ros::console::LogLocation*)'
/usr/bin/ld: pub.cpp:(.text._ZNK3ros9Publisher7publishIN8std_msgs7String_ISaIvEEEEEvRKT_[_ZNK3ros9Publisher7publishIN8std_msgs7String_ISaIvEEEEEvRKT_]+0x384): undefined reference to `ros::console::print(ros::console::FilterBase*, void*, ros::console::levels::Level, char const*, int, char const*, char const*, ...)'
/usr/bin/ld: pub.cpp:(.text._ZNK3ros9Publisher7publishIN8std_msgs7String_ISaIvEEEEEvRKT_[_ZNK3ros9Publisher7publishIN8std_msgs7String_ISaIvEEEEEvRKT_]+0x3a5): undefined reference to `ros::Publisher::Impl::isValid() const'
/usr/bin/ld: pub.cpp:(.text._ZNK3ros9Publisher7publishIN8std_msgs7String_ISaIvEEEEEvRKT_[_ZNK3ros9Publisher7publishIN8std_msgs7String_ISaIvEEEEEvRKT_]+0x3b7): undefined reference to `ros::console::g_initialized'
/usr/bin/ld: pub.cpp:(.text._ZNK3ros9Publisher7publishIN8std_msgs7String_ISaIvEEEEEvRKT_[_ZNK3ros9Publisher7publishIN8std_msgs7String_ISaIvEEEEEvRKT_]+0x3c7): undefined reference to `ros::console::initialize()'
/usr/bin/ld: pub.cpp:(.text._ZNK3ros9Publisher7publishIN8std_msgs7String_ISaIvEEEEEvRKT_[_ZNK3ros9Publisher7publishIN8std_msgs7String_ISaIvEEEEEvRKT_]+0x41a): undefined reference to `ros::console::initializeLogLocation(ros::console::LogLocation*, std::__cxx11::basic_string<char, std::char_traits<char>, std::allocator<char> > const&, ros::console::levels::Level)'
/usr/bin/ld: pub.cpp:(.text._ZNK3ros9Publisher7publishIN8std_msgs7String_ISaIvEEEEEvRKT_[_ZNK3ros9Publisher7publishIN8std_msgs7String_ISaIvEEEEEvRKT_]+0x45a): undefined reference to `ros::console::setLogLocationLevel(ros::console::LogLocation*, ros::console::levels::Level)'
/usr/bin/ld: pub.cpp:(.text._ZNK3ros9Publisher7publishIN8std_msgs7String_ISaIvEEEEEvRKT_[_ZNK3ros9Publisher7publishIN8std_msgs7String_ISaIvEEEEEvRKT_]+0x466): undefined reference to `ros::console::checkLogLocationEnabled(ros::console::LogLocation*)'
/usr/bin/ld: pub.cpp:(.text._ZNK3ros9Publisher7publishIN8std_msgs7String_ISaIvEEEEEvRKT_[_ZNK3ros9Publisher7publishIN8std_msgs7String_ISaIvEEEEEvRKT_]+0x4cc): undefined reference to `ros::console::print(ros::console::FilterBase*, void*, ros::console::levels::Level, char const*, int, char const*, char const*, ...)'
/usr/bin/ld: pub.cpp:(.text._ZNK3ros9Publisher7publishIN8std_msgs7String_ISaIvEEEEEvRKT_[_ZNK3ros9Publisher7publishIN8std_msgs7String_ISaIvEEEEEvRKT_]+0x4d7): undefined reference to `ros::console::g_initialized'
/usr/bin/ld: pub.cpp:(.text._ZNK3ros9Publisher7publishIN8std_msgs7String_ISaIvEEEEEvRKT_[_ZNK3ros9Publisher7publishIN8std_msgs7String_ISaIvEEEEEvRKT_]+0x4e7): undefined reference to `ros::console::initialize()'
/usr/bin/ld: pub.cpp:(.text._ZNK3ros9Publisher7publishIN8std_msgs7String_ISaIvEEEEEvRKT_[_ZNK3ros9Publisher7publishIN8std_msgs7String_ISaIvEEEEEvRKT_]+0x53a): undefined reference to `ros::console::initializeLogLocation(ros::console::LogLocation*, std::__cxx11::basic_string<char, std::char_traits<char>, std::allocator<char> > const&, ros::console::levels::Level)'
/usr/bin/ld: pub.cpp:(.text._ZNK3ros9Publisher7publishIN8std_msgs7String_ISaIvEEEEEvRKT_[_ZNK3ros9Publisher7publishIN8std_msgs7String_ISaIvEEEEEvRKT_]+0x57a): undefined reference to `ros::console::setLogLocationLevel(ros::console::LogLocation*, ros::console::levels::Level)'
/usr/bin/ld: pub.cpp:(.text._ZNK3ros9Publisher7publishIN8std_msgs7String_ISaIvEEEEEvRKT_[_ZNK3ros9Publisher7publishIN8std_msgs7String_ISaIvEEEEEvRKT_]+0x586): undefined reference to `ros::console::checkLogLocationEnabled(ros::console::LogLocation*)'
/usr/bin/ld: pub.cpp:(.text._ZNK3ros9Publisher7publishIN8std_msgs7String_ISaIvEEEEEvRKT_[_ZNK3ros9Publisher7publishIN8std_msgs7String_ISaIvEEEEEvRKT_]+0x5f5): undefined reference to `ros::console::print(ros::console::FilterBase*, void*, ros::console::levels::Level, char const*, int, char const*, char const*, ...)'
/usr/bin/ld: pub.cpp:(.text._ZNK3ros9Publisher7publishIN8std_msgs7String_ISaIvEEEEEvRKT_[_ZNK3ros9Publisher7publishIN8std_msgs7String_ISaIvEEEEEvRKT_]+0x600): undefined reference to `ros::console::g_initialized'
/usr/bin/ld: pub.cpp:(.text._ZNK3ros9Publisher7publishIN8std_msgs7String_ISaIvEEEEEvRKT_[_ZNK3ros9Publisher7publishIN8std_msgs7String_ISaIvEEEEEvRKT_]+0x610): undefined reference to `ros::console::initialize()'
/usr/bin/ld: pub.cpp:(.text._ZNK3ros9Publisher7publishIN8std_msgs7String_ISaIvEEEEEvRKT_[_ZNK3ros9Publisher7publishIN8std_msgs7String_ISaIvEEEEEvRKT_]+0x663): undefined reference to `ros::console::initializeLogLocation(ros::console::LogLocation*, std::__cxx11::basic_string<char, std::char_traits<char>, std::allocator<char> > const&, ros::console::levels::Level)'
/usr/bin/ld: pub.cpp:(.text._ZNK3ros9Publisher7publishIN8std_msgs7String_ISaIvEEEEEvRKT_[_ZNK3ros9Publisher7publishIN8std_msgs7String_ISaIvEEEEEvRKT_]+0x6a3): undefined reference to `ros::console::setLogLocationLevel(ros::console::LogLocation*, ros::console::levels::Level)'
/usr/bin/ld: pub.cpp:(.text._ZNK3ros9Publisher7publishIN8std_msgs7String_ISaIvEEEEEvRKT_[_ZNK3ros9Publisher7publishIN8std_msgs7String_ISaIvEEEEEvRKT_]+0x6af): undefined reference to `ros::console::checkLogLocationEnabled(ros::console::LogLocation*)'
/usr/bin/ld: pub.cpp:(.text._ZNK3ros9Publisher7publishIN8std_msgs7String_ISaIvEEEEEvRKT_[_ZNK3ros9Publisher7publishIN8std_msgs7String_ISaIvEEEEEvRKT_]+0x707): undefined reference to `ros::console::print(ros::console::FilterBase*, void*, ros::console::levels::Level, char const*, int, char const*, char const*, ...)'
/usr/bin/ld: pub.cpp:(.text._ZNK3ros9Publisher7publishIN8std_msgs7String_ISaIvEEEEEvRKT_[_ZNK3ros9Publisher7publishIN8std_msgs7String_ISaIvEEEEEvRKT_]+0x815): undefined reference to `ros::console::g_initialized'
/usr/bin/ld: pub.cpp:(.text._ZNK3ros9Publisher7publishIN8std_msgs7String_ISaIvEEEEEvRKT_[_ZNK3ros9Publisher7publishIN8std_msgs7String_ISaIvEEEEEvRKT_]+0x825): undefined reference to `ros::console::initialize()'
/usr/bin/ld: pub.cpp:(.text._ZNK3ros9Publisher7publishIN8std_msgs7String_ISaIvEEEEEvRKT_[_ZNK3ros9Publisher7publishIN8std_msgs7String_ISaIvEEEEEvRKT_]+0x878): undefined reference to `ros::console::initializeLogLocation(ros::console::LogLocation*, std::__cxx11::basic_string<char, std::char_traits<char>, std::allocator<char> > const&, ros::console::levels::Level)'
/usr/bin/ld: pub.cpp:(.text._ZNK3ros9Publisher7publishIN8std_msgs7String_ISaIvEEEEEvRKT_[_ZNK3ros9Publisher7publishIN8std_msgs7String_ISaIvEEEEEvRKT_]+0x8b7): undefined reference to `ros::console::setLogLocationLevel(ros::console::LogLocation*, ros::console::levels::Level)'
/usr/bin/ld: pub.cpp:(.text._ZNK3ros9Publisher7publishIN8std_msgs7String_ISaIvEEEEEvRKT_[_ZNK3ros9Publisher7publishIN8std_msgs7String_ISaIvEEEEEvRKT_]+0x8c3): undefined reference to `ros::console::checkLogLocationEnabled(ros::console::LogLocation*)'
/usr/bin/ld: pub.cpp:(.text._ZNK3ros9Publisher7publishIN8std_msgs7String_ISaIvEEEEEvRKT_[_ZNK3ros9Publisher7publishIN8std_msgs7String_ISaIvEEEEEvRKT_]+0x9a2): undefined reference to `ros::console::print(ros::console::FilterBase*, void*, ros::console::levels::Level, char const*, int, char const*, char const*, ...)'
/usr/bin/ld: pub.cpp:(.text._ZNK3ros9Publisher7publishIN8std_msgs7String_ISaIvEEEEEvRKT_[_ZNK3ros9Publisher7publishIN8std_msgs7String_ISaIvEEEEEvRKT_]+0xa35): undefined reference to `ros::Publisher::publish(boost::function<ros::SerializedMessage ()> const&, ros::SerializedMessage&) const'
/usr/bin/ld: CMakeFiles/pub_sub_pub_node.dir/src/pub.cpp.o: in function `void ros::serialization::Serializer<unsigned int>::write<ros::serialization::OStream>(ros::serialization::OStream&, unsigned int)':
pub.cpp:(.text._ZN3ros13serialization10SerializerIjE5writeINS0_7OStreamEEEvRT_j[_ZN3ros13serialization10SerializerIjE5writeINS0_7OStreamEEEvRT_j]+0x56): undefined reference to `ros::serialization::throwStreamOverrun()'
/usr/bin/ld: CMakeFiles/pub_sub_pub_node.dir/src/pub.cpp.o: in function `void ros::serialization::Serializer<std::__cxx11::basic_string<char, std::char_traits<char>, std::allocator<char> > >::write<ros::serialization::OStream>(ros::serialization::OStream&, std::__cxx11::basic_string<char, std::char_traits<char>, std::allocator<char> > const&)':
pub.cpp:(.text._ZN3ros13serialization10SerializerINSt7__cxx1112basic_stringIcSt11char_traitsIcESaIcEEEE5writeINS0_7OStreamEEEvRT_RKS7_[_ZN3ros13serialization10SerializerINSt7__cxx1112basic_stringIcSt11char_traitsIcESaIcEEEE5writeINS0_7OStreamEEEvRT_RKS7_]+0xb0): undefined reference to `ros::serialization::throwStreamOverrun()'
collect2: error: ld returned 1 exit status
make[2]: *** [CMakeFiles/pub_sub_pub_node.dir/build.make:84: /catkin_ws/devel/.private/pub_sub/lib/pub_sub/pub_sub_pub_node] Error 1
make[1]: *** [CMakeFiles/Makefile2:184: CMakeFiles/pub_sub_pub_node.dir/all] Error 2
make[1]: *** Waiting for unfinished jobs....
/usr/bin/ld: CMakeFiles/pub_sub_sub_node.dir/src/sub.cpp.o: in function `chatterCallback(boost::shared_ptr<std_msgs::String_<std::allocator<void> > const> const&)':
sub.cpp:(.text+0x42): undefined reference to `ros::console::g_initialized'
/usr/bin/ld: sub.cpp:(.text+0x52): undefined reference to `ros::console::initialize()'
/usr/bin/ld: sub.cpp:(.text+0x9f): undefined reference to `ros::console::initializeLogLocation(ros::console::LogLocation*, std::__cxx11::basic_string<char, std::char_traits<char>, std::allocator<char> > const&, ros::console::levels::Level)'
/usr/bin/ld: sub.cpp:(.text+0xdc): undefined reference to `ros::console::setLogLocationLevel(ros::console::LogLocation*, ros::console::levels::Level)'
/usr/bin/ld: sub.cpp:(.text+0xe8): undefined reference to `ros::console::checkLogLocationEnabled(ros::console::LogLocation*)'
/usr/bin/ld: sub.cpp:(.text+0x152): undefined reference to `ros::console::print(ros::console::FilterBase*, void*, ros::console::levels::Level, char const*, int, char const*, char const*, ...)'
/usr/bin/ld: CMakeFiles/pub_sub_sub_node.dir/src/sub.cpp.o: in function `main':
sub.cpp:(.text+0x220): undefined reference to `ros::init(int&, char**, std::__cxx11::basic_string<char, std::char_traits<char>, std::allocator<char> > const&, unsigned int)'
/usr/bin/ld: sub.cpp:(.text+0x2b2): undefined reference to `ros::NodeHandle::NodeHandle(std::__cxx11::basic_string<char, std::char_traits<char>, std::allocator<char> > const&, std::map<std::__cxx11::basic_string<char, std::char_traits<char>, std::allocator<char> >, std::__cxx11::basic_string<char, std::char_traits<char>, std::allocator<char> >, std::less<std::__cxx11::basic_string<char, std::char_traits<char>, std::allocator<char> > >, std::allocator<std::pair<std::__cxx11::basic_string<char, std::char_traits<char>, std::allocator<char> > const, std::__cxx11::basic_string<char, std::char_traits<char>, std::allocator<char> > > > > const&)'
/usr/bin/ld: sub.cpp:(.text+0x3d3): undefined reference to `ros::spin()'
/usr/bin/ld: sub.cpp:(.text+0x3e7): undefined reference to `ros::Subscriber::~Subscriber()'
/usr/bin/ld: sub.cpp:(.text+0x3f6): undefined reference to `ros::NodeHandle::~NodeHandle()'
/usr/bin/ld: sub.cpp:(.text+0x4ce): undefined reference to `ros::Subscriber::~Subscriber()'
/usr/bin/ld: sub.cpp:(.text+0x4dd): undefined reference to `ros::NodeHandle::~NodeHandle()'
/usr/bin/ld: CMakeFiles/pub_sub_sub_node.dir/src/sub.cpp.o: in function `ros::Subscriber ros::NodeHandle::subscribe<std_msgs::String_<std::allocator<void> > >(std::__cxx11::basic_string<char, std::char_traits<char>, std::allocator<char> > const&, unsigned int, void (*)(boost::shared_ptr<std_msgs::String_<std::allocator<void> > const> const&), ros::TransportHints const&)':
sub.cpp:(.text._ZN3ros10NodeHandle9subscribeIN8std_msgs7String_ISaIvEEEEENS_10SubscriberERKNSt7__cxx1112basic_stringIcSt11char_traitsIcESaIcEEEjPFvRKN5boost10shared_ptrIKT_EEERKNS_14TransportHintsE[_ZN3ros10NodeHandle9subscribeIN8std_msgs7String_ISaIvEEEEENS_10SubscriberERKNSt7__cxx1112basic_stringIcSt11char_traitsIcESaIcEEEjPFvRKN5boost10shared_ptrIKT_EEERKNS_14TransportHintsE]+0x110): undefined reference to `ros::NodeHandle::subscribe(ros::SubscribeOptions&)'
/usr/bin/ld: CMakeFiles/pub_sub_sub_node.dir/src/sub.cpp.o: in function `ros::SubscriptionCallbackHelperT<boost::shared_ptr<std_msgs::String_<std::allocator<void> > const> const&, void>::deserialize(ros::SubscriptionCallbackHelperDeserializeParams const&)':
sub.cpp:(.text._ZN3ros27SubscriptionCallbackHelperTIRKN5boost10shared_ptrIKN8std_msgs7String_ISaIvEEEEEvE11deserializeERKNS_43SubscriptionCallbackHelperDeserializeParamsE[_ZN3ros27SubscriptionCallbackHelperTIRKN5boost10shared_ptrIKN8std_msgs7String_ISaIvEEEEEvE11deserializeERKNS_43SubscriptionCallbackHelperDeserializeParamsE]+0x65): undefined reference to `ros::console::g_initialized'
/usr/bin/ld: sub.cpp:(.text._ZN3ros27SubscriptionCallbackHelperTIRKN5boost10shared_ptrIKN8std_msgs7String_ISaIvEEEEEvE11deserializeERKNS_43SubscriptionCallbackHelperDeserializeParamsE[_ZN3ros27SubscriptionCallbackHelperTIRKN5boost10shared_ptrIKN8std_msgs7String_ISaIvEEEEEvE11deserializeERKNS_43SubscriptionCallbackHelperDeserializeParamsE]+0x75): undefined reference to `ros::console::initialize()'
/usr/bin/ld: sub.cpp:(.text._ZN3ros27SubscriptionCallbackHelperTIRKN5boost10shared_ptrIKN8std_msgs7String_ISaIvEEEEEvE11deserializeERKNS_43SubscriptionCallbackHelperDeserializeParamsE[_ZN3ros27SubscriptionCallbackHelperTIRKN5boost10shared_ptrIKN8std_msgs7String_ISaIvEEEEEvE11deserializeERKNS_43SubscriptionCallbackHelperDeserializeParamsE]+0xc2): undefined reference to `ros::console::initializeLogLocation(ros::console::LogLocation*, std::__cxx11::basic_string<char, std::char_traits<char>, std::allocator<char> > const&, ros::console::levels::Level)'
/usr/bin/ld: sub.cpp:(.text._ZN3ros27SubscriptionCallbackHelperTIRKN5boost10shared_ptrIKN8std_msgs7String_ISaIvEEEEEvE11deserializeERKNS_43SubscriptionCallbackHelperDeserializeParamsE[_ZN3ros27SubscriptionCallbackHelperTIRKN5boost10shared_ptrIKN8std_msgs7String_ISaIvEEEEEvE11deserializeERKNS_43SubscriptionCallbackHelperDeserializeParamsE]+0xfe): undefined reference to `ros::console::setLogLocationLevel(ros::console::LogLocation*, ros::console::levels::Level)'
/usr/bin/ld: sub.cpp:(.text._ZN3ros27SubscriptionCallbackHelperTIRKN5boost10shared_ptrIKN8std_msgs7String_ISaIvEEEEEvE11deserializeERKNS_43SubscriptionCallbackHelperDeserializeParamsE[_ZN3ros27SubscriptionCallbackHelperTIRKN5boost10shared_ptrIKN8std_msgs7String_ISaIvEEEEEvE11deserializeERKNS_43SubscriptionCallbackHelperDeserializeParamsE]+0x10a): undefined reference to `ros::console::checkLogLocationEnabled(ros::console::LogLocation*)'
/usr/bin/ld: sub.cpp:(.text._ZN3ros27SubscriptionCallbackHelperTIRKN5boost10shared_ptrIKN8std_msgs7String_ISaIvEEEEEvE11deserializeERKNS_43SubscriptionCallbackHelperDeserializeParamsE[_ZN3ros27SubscriptionCallbackHelperTIRKN5boost10shared_ptrIKN8std_msgs7String_ISaIvEEEEEvE11deserializeERKNS_43SubscriptionCallbackHelperDeserializeParamsE]+0x187): undefined reference to `ros::console::print(ros::console::FilterBase*, void*, ros::console::levels::Level, char const*, int, char const*, char const*, ...)'
/usr/bin/ld: CMakeFiles/pub_sub_sub_node.dir/src/sub.cpp.o: in function `void ros::serialization::Serializer<std::__cxx11::basic_string<char, std::char_traits<char>, std::allocator<char> > >::read<ros::serialization::IStream>(ros::serialization::IStream&, std::__cxx11::basic_string<char, std::char_traits<char>, std::allocator<char> >&)':
sub.cpp:(.text._ZN3ros13serialization10SerializerINSt7__cxx1112basic_stringIcSt11char_traitsIcESaIcEEEE4readINS0_7IStreamEEEvRT_RS7_[_ZN3ros13serialization10SerializerINSt7__cxx1112basic_stringIcSt11char_traitsIcESaIcEEEE4readINS0_7IStreamEEEvRT_RS7_]+0x9e): undefined reference to `ros::serialization::throwStreamOverrun()'
/usr/bin/ld: CMakeFiles/pub_sub_sub_node.dir/src/sub.cpp.o: in function `void ros::serialization::Serializer<unsigned int>::read<ros::serialization::IStream>(ros::serialization::IStream&, unsigned int&)':
sub.cpp:(.text._ZN3ros13serialization10SerializerIjE4readINS0_7IStreamEEEvRT_Rj[_ZN3ros13serialization10SerializerIjE4readINS0_7IStreamEEEvRT_Rj]+0x57): undefined reference to `ros::serialization::throwStreamOverrun()'
collect2: error: ld returned 1 exit status
make[2]: *** [CMakeFiles/pub_sub_sub_node.dir/build.make:84: /catkin_ws/devel/.private/pub_sub/lib/pub_sub/pub_sub_sub_node] Error 1
make[1]: *** [CMakeFiles/Makefile2:157: CMakeFiles/pub_sub_sub_node.dir/all] Error 2
make: *** [Makefile:141: all] Error 2
